
**** Build of configuration Debug for project Trabalho02 ****

/Applications/ti/ccs1031/ccs/utils/bin/gmake -k -j 3 all -O 
 
Building file: "../F2837xD_CpuTimers.c"
Invoking: C2000 Compiler
"/Applications/ti/ccs1031/ccs/tools/compiler/ti-cgt-c2000_20.2.4.LTS/bin/cl2000" -v28 -ml -mt --cla_support=cla1 --float_support=fpu32 --tmu_support=tmu0 --vcu_support=vcu2 --include_path="/Users/paulo/workspace_v10/Trabalho02" --include_path="/Applications/ti/ccs1031/ccs/tools/compiler/ti-cgt-c2000_20.2.4.LTS/include" -g --diag_warning=225 --diag_wrap=off --display_error_number --abi=coffabi --preproc_with_compile --preproc_dependency="F2837xD_CpuTimers.d_raw"  "../F2837xD_CpuTimers.c"
 
>> Compilation failure
subdir_rules.mk:14: recipe for target 'F2837xD_CpuTimers.obj' failed
"../F2837xD_CpuTimers.c", line 46: fatal error #1965: cannot open source file "F2837xD_device.h"
1 catastrophic error detected in the compilation of "../F2837xD_CpuTimers.c".
Compilation terminated.
gmake: *** [F2837xD_CpuTimers.obj] Error 1
"../F2837xD_DefaultISR.c", line 46: fatal error #1965: cannot open source file "F2837xD_device.h"
1 catastrophic error detected in the compilation of "../F2837xD_DefaultISR.c".
Compilation terminated.
gmake: *** [F2837xD_DefaultISR.obj] Error 1
Building file: "../F2837xD_DefaultISR.c"
Invoking: C2000 Compiler
"/Applications/ti/ccs1031/ccs/tools/compiler/ti-cgt-c2000_20.2.4.LTS/bin/cl2000" -v28 -ml -mt --cla_support=cla1 --float_support=fpu32 --tmu_support=tmu0 --vcu_support=vcu2 --include_path="/Users/paulo/workspace_v10/Trabalho02" --include_path="/Applications/ti/ccs1031/ccs/tools/compiler/ti-cgt-c2000_20.2.4.LTS/include" -g --diag_warning=225 --diag_wrap=off --display_error_number --abi=coffabi --preproc_with_compile --preproc_dependency="F2837xD_DefaultISR.d_raw"  "../F2837xD_DefaultISR.c"
 
>> Compilation failure
subdir_rules.mk:14: recipe for target 'F2837xD_DefaultISR.obj' failed
Building file: "../F2837xD_CodeStartBranch.asm"
Invoking: C2000 Compiler
"/Applications/ti/ccs1031/ccs/tools/compiler/ti-cgt-c2000_20.2.4.LTS/bin/cl2000" -v28 -ml -mt --cla_support=cla1 --float_support=fpu32 --tmu_support=tmu0 --vcu_support=vcu2 --include_path="/Users/paulo/workspace_v10/Trabalho02" --include_path="/Applications/ti/ccs1031/ccs/tools/compiler/ti-cgt-c2000_20.2.4.LTS/include" -g --diag_warning=225 --diag_wrap=off --display_error_number --abi=coffabi --preproc_with_compile --preproc_dependency="F2837xD_CodeStartBranch.d_raw"  "../F2837xD_CodeStartBranch.asm"
Finished building: "../F2837xD_CodeStartBranch.asm"
 
Building file: "../F2837xD_GlobalVariableDefs.c"
Invoking: C2000 Compiler
"/Applications/ti/ccs1031/ccs/tools/compiler/ti-cgt-c2000_20.2.4.LTS/bin/cl2000" -v28 -ml -mt --cla_support=cla1 --float_support=fpu32 --tmu_support=tmu0 --vcu_support=vcu2 --include_path="/Users/paulo/workspace_v10/Trabalho02" --include_path="/Applications/ti/ccs1031/ccs/tools/compiler/ti-cgt-c2000_20.2.4.LTS/include" -g --diag_warning=225 --diag_wrap=off --display_error_number --abi=coffabi --preproc_with_compile --preproc_dependency="F2837xD_GlobalVariableDefs.d_raw"  "../F2837xD_GlobalVariableDefs.c"
 
>> Compilation failure
subdir_rules.mk:14: recipe for target 'F2837xD_GlobalVariableDefs.obj' failed
"../F2837xD_GlobalVariableDefs.c", line 43: fatal error #1965: cannot open source file "F2837xD_device.h"
1 catastrophic error detected in the compilation of "../F2837xD_GlobalVariableDefs.c".
Compilation terminated.
gmake: *** [F2837xD_GlobalVariableDefs.obj] Error 1
"../F2837xD_Gpio.c", line 46: fatal error #1965: cannot open source file "F2837xD_device.h"
1 catastrophic error detected in the compilation of "../F2837xD_Gpio.c".
Compilation terminated.
gmake: *** [F2837xD_Gpio.obj] Error 1
Building file: "../F2837xD_Gpio.c"
Invoking: C2000 Compiler
"/Applications/ti/ccs1031/ccs/tools/compiler/ti-cgt-c2000_20.2.4.LTS/bin/cl2000" -v28 -ml -mt --cla_support=cla1 --float_support=fpu32 --tmu_support=tmu0 --vcu_support=vcu2 --include_path="/Users/paulo/workspace_v10/Trabalho02" --include_path="/Applications/ti/ccs1031/ccs/tools/compiler/ti-cgt-c2000_20.2.4.LTS/include" -g --diag_warning=225 --diag_wrap=off --display_error_number --abi=coffabi --preproc_with_compile --preproc_dependency="F2837xD_Gpio.d_raw"  "../F2837xD_Gpio.c"
 
>> Compilation failure
subdir_rules.mk:14: recipe for target 'F2837xD_Gpio.obj' failed
"../F2837xD_PieCtrl.c", line 46: fatal error #1965: cannot open source file "F2837xD_device.h"
1 catastrophic error detected in the compilation of "../F2837xD_PieCtrl.c".
Compilation terminated.
gmake: *** [F2837xD_PieCtrl.obj] Error 1
Building file: "../F2837xD_PieCtrl.c"
Invoking: C2000 Compiler
"/Applications/ti/ccs1031/ccs/tools/compiler/ti-cgt-c2000_20.2.4.LTS/bin/cl2000" -v28 -ml -mt --cla_support=cla1 --float_support=fpu32 --tmu_support=tmu0 --vcu_support=vcu2 --include_path="/Users/paulo/workspace_v10/Trabalho02" --include_path="/Applications/ti/ccs1031/ccs/tools/compiler/ti-cgt-c2000_20.2.4.LTS/include" -g --diag_warning=225 --diag_wrap=off --display_error_number --abi=coffabi --preproc_with_compile --preproc_dependency="F2837xD_PieCtrl.d_raw"  "../F2837xD_PieCtrl.c"
 
>> Compilation failure
subdir_rules.mk:14: recipe for target 'F2837xD_PieCtrl.obj' failed
"../F2837xD_PieVect.c", line 46: fatal error #1965: cannot open source file "F2837xD_device.h"
1 catastrophic error detected in the compilation of "../F2837xD_PieVect.c".
Compilation terminated.
gmake: *** [F2837xD_PieVect.obj] Error 1
"../F2837xD_SysCtrl.c", line 50: fatal error #1965: cannot open source file "F2837xD_device.h"
1 catastrophic error detected in the compilation of "../F2837xD_SysCtrl.c".
Compilation terminated.
gmake: *** [F2837xD_SysCtrl.obj] Error 1
Building file: "../F2837xD_PieVect.c"
Invoking: C2000 Compiler
"/Applications/ti/ccs1031/ccs/tools/compiler/ti-cgt-c2000_20.2.4.LTS/bin/cl2000" -v28 -ml -mt --cla_support=cla1 --float_support=fpu32 --tmu_support=tmu0 --vcu_support=vcu2 --include_path="/Users/paulo/workspace_v10/Trabalho02" --include_path="/Applications/ti/ccs1031/ccs/tools/compiler/ti-cgt-c2000_20.2.4.LTS/include" -g --diag_warning=225 --diag_wrap=off --display_error_number --abi=coffabi --preproc_with_compile --preproc_dependency="F2837xD_PieVect.d_raw"  "../F2837xD_PieVect.c"
 
>> Compilation failure
subdir_rules.mk:14: recipe for target 'F2837xD_PieVect.obj' failed
Building file: "../F2837xD_SysCtrl.c"
Invoking: C2000 Compiler
"/Applications/ti/ccs1031/ccs/tools/compiler/ti-cgt-c2000_20.2.4.LTS/bin/cl2000" -v28 -ml -mt --cla_support=cla1 --float_support=fpu32 --tmu_support=tmu0 --vcu_support=vcu2 --include_path="/Users/paulo/workspace_v10/Trabalho02" --include_path="/Applications/ti/ccs1031/ccs/tools/compiler/ti-cgt-c2000_20.2.4.LTS/include" -g --diag_warning=225 --diag_wrap=off --display_error_number --abi=coffabi --preproc_with_compile --preproc_dependency="F2837xD_SysCtrl.d_raw"  "../F2837xD_SysCtrl.c"
 
>> Compilation failure
subdir_rules.mk:14: recipe for target 'F2837xD_SysCtrl.obj' failed
Building file: "../F2837xD_usDelay.asm"
Invoking: C2000 Compiler
"/Applications/ti/ccs1031/ccs/tools/compiler/ti-cgt-c2000_20.2.4.LTS/bin/cl2000" -v28 -ml -mt --cla_support=cla1 --float_support=fpu32 --tmu_support=tmu0 --vcu_support=vcu2 --include_path="/Users/paulo/workspace_v10/Trabalho02" --include_path="/Applications/ti/ccs1031/ccs/tools/compiler/ti-cgt-c2000_20.2.4.LTS/include" -g --diag_warning=225 --diag_wrap=off --display_error_number --abi=coffabi --preproc_with_compile --preproc_dependency="F2837xD_usDelay.d_raw"  "../F2837xD_usDelay.asm"
"../Perif_Setup.h", line 10: fatal error #1965: cannot open source file "F28x_Project.h"
1 catastrophic error detected in the compilation of "../Perif_Setup.c".
Compilation terminated.
gmake: *** [Perif_Setup.obj] Error 1
"../Perif_Setup.h", line 10: fatal error #1965: cannot open source file "F28x_Project.h"
1 catastrophic error detected in the compilation of "../main.c".
Compilation terminated.
gmake: *** [main.obj] Error 1
Finished building: "../F2837xD_usDelay.asm"
 
Building file: "../Perif_Setup.c"
Invoking: C2000 Compiler
"/Applications/ti/ccs1031/ccs/tools/compiler/ti-cgt-c2000_20.2.4.LTS/bin/cl2000" -v28 -ml -mt --cla_support=cla1 --float_support=fpu32 --tmu_support=tmu0 --vcu_support=vcu2 --include_path="/Users/paulo/workspace_v10/Trabalho02" --include_path="/Applications/ti/ccs1031/ccs/tools/compiler/ti-cgt-c2000_20.2.4.LTS/include" -g --diag_warning=225 --diag_wrap=off --display_error_number --abi=coffabi --preproc_with_compile --preproc_dependency="Perif_Setup.d_raw"  "../Perif_Setup.c"
 
>> Compilation failure
subdir_rules.mk:14: recipe for target 'Perif_Setup.obj' failed
Building file: "../main.c"
Invoking: C2000 Compiler
"/Applications/ti/ccs1031/ccs/tools/compiler/ti-cgt-c2000_20.2.4.LTS/bin/cl2000" -v28 -ml -mt --cla_support=cla1 --float_support=fpu32 --tmu_support=tmu0 --vcu_support=vcu2 --include_path="/Users/paulo/workspace_v10/Trabalho02" --include_path="/Applications/ti/ccs1031/ccs/tools/compiler/ti-cgt-c2000_20.2.4.LTS/include" -g --diag_warning=225 --diag_wrap=off --display_error_number --abi=coffabi --preproc_with_compile --preproc_dependency="main.d_raw"  "../main.c"
 
>> Compilation failure
subdir_rules.mk:14: recipe for target 'main.obj' failed
gmake: Target 'all' not remade because of errors.

**** Build Finished ****
